Arguments: 
  /usr/bin/node /usr/local/bin/yarn

PATH: 
  /home/love/.local/bin:/usr/local/sbin:/usr/local/bin:/usr/sbin:/usr/bin:/sbin:/bin:/usr/games:/usr/local/games:/snap/bin

Yarn version: 
  1.15.2

Node version: 
  8.10.0

Platform: 
  linux x64

Trace: 
  Error: EACCES: permission denied, open '/home/love/Documents/work/pasklek/yarn.lock'

npm manifest: 
  {
    "name": "pasklek",
    "version": "1.0.0",
    "description": "Jag och Pétur beräknar något på extern enhet",
    "main": "server/index.js",
    "scripts": {
      "test": "echo \"Error: no test specified\" && exit 1"
    },
    "repository": {
      "type": "git",
      "url": "git+https://github.com/jsonkh/pasklek.git"
    },
    "author": "love och petur",
    "license": "ISC",
    "bugs": {
      "url": "https://github.com/jsonkh/pasklek/issues"
    },
    "homepage": "https://github.com/jsonkh/pasklek#readme"
  }

yarn manifest: 
  No manifest

Lockfile: 
  # THIS IS AN AUTOGENERATED FILE. DO NOT EDIT THIS FILE DIRECTLY.
  # yarn lockfile v1
